[등기변동] undefined – OWNER_CHANGE
{
  "kind": "E",
  "path": [
    "owner"
  ],
  "lhs": "김부동",
  "rhs": "이등기"
}
[등기변동] undefined – OWNER_CHANGE
{
  "kind": "E",
  "path": [
    "owner"
  ],
  "lhs": "이등기",
  "rhs": "김부동"
}
[등기변동] undefined – OWNER_CHANGE
{
  "kind": "E",
  "path": [
    "owner"
  ],
  "lhs": "김부동",
  "rhs": "이등기"
}
[등기변동] undefined – OWNER_CHANGE
{
  "kind": "E",
  "path": [
    "owner"
  ],
  "lhs": "이등기",
  "rhs": "김부동"
}
[등기변동] undefined
소유자 변경: 김부동 → 이등기

[등기변동] undefined
소유자 변경: 김부동 → 이등기

[등기변동] 서울시 강남구 ○○로 1-1

근저당 설정 (+): 은행=국민은행, 금액=100,000,000원

[등기변동] 서울시 강남구 ○○로 1-1

근저당 말소 (-)

[등기변동] 서울시 강남구 ○○로 1-1

근저당 설정 (+): 은행=국민은행, 금액=100,000,000원

[등기변동] 서울시 강남구 ○○로 1-1

근저당 말소 (-)

[등기변동] 서울시 강남구 ○○로 1-1

소유자 변경: 이등기 → 김부동

[등기변동] 서울시 강남구 ○○로 1-1

소유자 변경: 김부동 → 이등기

[등기변동] 서울시 강남구 ○○로 1-1

소유자 변경: 이등기 → 김부동

[등기변동] 서울시 강남구 ○○로 1-1

소유자 변경: 김부동 → 이등기

[등기변동] 서울시 강남구 ○○로 1-1

소유자 변경: 이등기 → 김부동

[등기변동] 서울시 강남구 ○○로 1-1

소유자 변경: 김부동 → 이등기

[등기변동] 서울시 강남구 ○○로 1-1

근저당 설정 (+): 은행=국민은행, 금액=100,000,000원

[등기변동] 서울시 강남구 ○○로 1-1

근저당 말소 (-)

[등기변동] 서울시 강남구 ○○로 1-1

소유자 변경: 이등기 → 김부동

[등기변동] 서울시 강남구 ○○로 1-1

소유자 변경: 김부동 → 이등기

[등기변동] 서울시 강남구 ○○로 1-1

근저당 설정 (+): 은행=국민은행, 금액=100,000,000원

[등기변동] 서울시 강남구 ○○로 1-1

근저당 말소 (-)

[등기변동] 서울시 강남구 ○○로 1-1

소유자 변경: 이등기 → 김부동

[등기변동] 서울시 강남구 ○○로 1-1

소유자 변경: 김부동 → 이등기

[등기변동] 서울시 강남구 ○○로 1-1

소유자 변경: 이등기 → 김부동

[등기변동] 서울시 강남구 ○○로 1-1

소유자 변경: 김부동 → 이등기

[등기변동] 서울시 강남구 ○○로 1-1

소유자 변경: 이등기 → 김부동

[등기변동] 서울시 강남구 ○○로 1-1

소유자 변경: 김부동 → 이등기

[등기변동] 서울시 강남구 ○○로 1-1

근저당 설정 (+): 은행=국민은행, 금액=100,000,000원

[등기변동] 서울시 강남구 ○○로 1-1

소유자 변경: 이등기 → 김부동

[등기변동] 서울시 강남구 ○○로 1-1

등기부 변동 감지 (상세 미분류)

[등기변동] 서울시 강남구 ○○로 1-1

소유자 변경: 김부동 → 이등기

[등기변동] 서울시 강남구 ○○로 1-1

소유자 변경: 이등기 → 김부동

[등기변동] 서울시 강남구 ○○로 1-1

등기부 변동 감지 (상세 미분류)

[등기변동] 서울시 강남구 ○○로 1-1

소유자 변경: 김부동 → 이등기

[등기변동] 서울시 강남구 ○○로 1-1

소유자 변경: 이등기 → 김부동

[등기변동] 서울시 강남구 ○○로 1-1

등기부 변동 감지 (상세 미분류)

[등기변동] 서울시 강남구 ○○로 1-1

소유자 변경: 김부동 → 이등기

[등기변동] 서울시 강남구 ○○로 1-1

소유자 변경: 이등기 → 김부동

[등기변동] 서울시 강남구 ○○로 1-1

소유자 변경: 김부동 → 이등기

[등기변동] 서울시 강남구 ○○로 1-1

소유자 변경: 이등기 → 김부동

[등기변동] 서울시 강남구 ○○로 1-1

소유자 변경: 김부동 → 이등기

[등기변동] 서울시 강남구 ○○로 1-1

등기부 변동 감지 (상세 미분류)

[등기변동] 서울시 강남구 ○○로 1-1

등기부 변동 감지 (상세 미분류)

[등기변동] 서울시 강남구 ○○로 1-1

소유자 변경: 이등기 → 김부동

[등기변동] 서울시 강남구 ○○로 1-1

소유자 변경: 김부동 → 이등기

[등기변동] 서울시 강남구 ○○로 1-1

소유자 변경: 이등기 → 김부동

[등기변동] 서울시 강남구 ○○로 1-1

소유자 변경: 김부동 → 이등기

[등기변동] 서울시 강남구 ○○로 1-1

소유자 변경: 김부동 → 이등기

[등기변동] 서울시 강남구 ○○로 1-1

소유자 변경: 이등기 → 김부동

[등기변동] 서울시 강남구 ○○로 1-1

소유자 변경: 김부동 → 이등기

[등기변동] 서울시 강남구 ○○로 1-1

등기부 변동 감지 (상세 미분류)

[등기변동] 서울시 강남구 ○○로 1-1

소유자 변경: 김부동 → 이등기

[등기변동] 서울시 강남구 ○○로 1-1

등기부 변동 감지 (상세 미분류)

[등기변동] 서울시 강남구 ○○로 1-1

소유자 변경: 이등기 → 홍길동

[등기변동] 서울시 강남구 ○○로 1-1

근저당 creditor 변경: 국민은행 → OO은행

[등기변동] 서울시 강남구 ○○로 1-1

근저당 금액 변경: 100,000,000원 → 200,000,000원

[등기변동] 서울시 강남구 ○○로 1-1

경매 개시(매각 절차) 등록

[등기변동] 서울시 강남구 ○○로 1-1

소유자 변경: 이등기 → 홍길동

[등기변동] 서울시 강남구 ○○로 1-1

근저당 creditor 변경: 국민은행 → OO은행

[등기변동] 서울시 강남구 ○○로 1-1

근저당 금액 변경: 100,000,000원 → 200,000,000원

[등기변동] 서울시 강남구 ○○로 1-1

경매 개시(매각 절차) 등록

[등기변동] 서울시 강남구 ○○로 1-1

소유자 변경: 이등기 → 홍길동

[등기변동] 서울시 강남구 ○○로 1-1

근저당 creditor 변경: 국민은행 → OO은행

[등기변동] 서울시 강남구 ○○로 1-1

근저당 금액 변경: 100,000,000원 → 200,000,000원

[등기변동] 서울시 강남구 ○○로 1-1

경매 개시(매각 절차) 등록

[등기변동] 서울시 강남구 ○○로 1-1

소유자 변경: 이등기 → 홍길동

[등기변동] 서울시 강남구 ○○로 1-1

근저당 creditor 변경: 국민은행 → OO은행

[등기변동] 서울시 강남구 ○○로 1-1

근저당 금액 변경: 100,000,000원 → 200,000,000원

[등기변동] 서울시 강남구 ○○로 1-1

경매 개시(매각 절차) 등록

[등기변동] 서울시 강남구 ○○로 1-1
소유자 변경: 홍길동 → 김부동

[등기변동] 서울시 강남구 ○○로 1-1
소유자 변경: 이등기 → 김부동

[등기변동] 서울시 강남구 ○○로 1-1
소유자 변경: 김부동 → 이등기

[등기변동] 서울시 강남구 ○○로 1-1
새 근저당 설정: 국민은행 / 100,000,000원

[등기변동] 서울시 강남구 ○○로 1-1
소유자 변경: 이등기 → 홍길동

[등기변동] 서울시 강남구 ○○로 1-1
근저당 creditor 변경: 국민은행 → OO은행

[등기변동] 서울시 강남구 ○○로 1-1
근저당 금액 변경: 100,000,000원 → 200,000,000원

[등기변동] 서울시 강남구 ○○로 1-1
경매 개시(매각 절차) 등록

[등기변동] 서울시 강남구 ○○로 1-1
소유자 변경: 이등기 → 김부동

[등기변동] 서울시 강남구 ○○로 1-1
소유자 변경: 김부동 → 이등기

[등기변동] 서울시 강남구 ○○로 1-1
새 근저당 설정: 국민은행 / 100,000,000원

[등기변동] 서울시 강남구 ○○로 1-1
경매 개시(매각 절차) 등록

[등기변동] 서울시 강남구 ○○로 1-1
소유자 변경: 이등기 → 김부동

[등기변동] 서울시 강남구 ○○로 1-1
소유자 변경: 김부동 → 이등기

[등기변동] 서울시 강남구 ○○로 1-1
새 근저당 설정: 국민은행 / 100,000,000원

[등기변동] 서울시 강남구 ○○로 1-1
경매 개시(매각 절차) 등록

[등기변동] 서울시 강남구 ○○로 1-1
소유자 변경: 이등기 → 김부동

[등기변동] 서울시 강남구 ○○로 1-1
근저당 말소: 국민은행 / 100,000,000원 해제

[등기변동] 서울시 강남구 ○○로 1-1
경매 절차 종료(말소)

[등기변동] 서울시 강남구 ○○로 1-1
소유자 변경: 김부동 → 이등기

[등기변동] 서울시 강남구 ○○로 1-1

소유자 변경: 김부동 → 이등기

[등기변동] 서울시 강남구 ○○로 1-1

소유자 변경: 이등기 → 김부동

[등기변동] 서울시 강남구 ○○로 1-1

새 근저당 설정: 국민은행 / 100,000,000

[등기변동] 서울시 강남구 ○○로 1-1

경매 개시(매각 절차) 등록

📄 대응 가이드 PDF 다운로드:
http://localhost:3000/public/auction-advice.pdf

[등기변동] 서울시 강남구 ○○로 1-1

근저당 말소: 국민은행 / 100,000,000 해제

[등기변동] 서울시 강남구 ○○로 1-1

경매 절차 종료(말소)

[등기변동] 서울시 강남구 ○○로 1-1

소유자 변경: 이등기 → 김부동

[등기변동] 서울시 강남구 ○○로 1-1

근저당 말소: 국민은행 / 100,000,000 해제

[등기변동] 서울시 강남구 ○○로 1-1

경매 절차 종료(말소)

[등기변동] 서울시 강남구 ○○로 1-1

소유자 변경: 김부동 → 이등기

[등기변동] 서울시 강남구 ○○로 1-1

새 근저당 설정: 국민은행 / 100,000,000

[등기변동] 서울시 강남구 ○○로 1-1

경매 개시(매각 절차) 등록

📄 대응 가이드 PDF 다운로드:
http://localhost:3000/public/auction-advice.pdf

[등기변동] 서울시 강남구 ○○로 1-1

소유자 변경: 김부동 → 이등기

[등기변동] 서울시 강남구 ○○로 1-1

소유자 변경: 이등기 → 김부동

[등기변동] 서울시 강남구 ○○로 1-1

새 근저당 설정: 국민은행 / 100,000,000

[등기변동] 서울시 강남구 ○○로 1-1

소유자 변경: 이등기 → 김부동

[등기변동] 서울시 강남구 ○○로 1-1

근저당 말소: 국민은행 / 100,000,000 해제

[등기변동] 서울시 강남구 ○○로 1-1

경매 절차 종료(말소)

[등기변동] 서울시 강남구 ○○로 1-1

소유자 변경: 김부동 → 이등기

[등기변동] 서울시 강남구 ○○로 1-1

새 근저당 설정: 국민은행 / 100,000,000

[등기변동] 서울시 강남구 ○○로 1-1

경매 개시(매각 절차) 등록

📄 대응 가이드 PDF 다운로드:
http://localhost:3000/public/auction-advice.pdf

[등기변동] 서울시 강남구 ○○로 1-1

소유자 변경: 이등기 → 김부동

[등기변동] 서울시 강남구 ○○로 1-1

근저당 말소: 국민은행 / 100,000,000 해제

[등기변동] 서울시 강남구 ○○로 1-1

경매 절차 종료(말소)

[등기변동] 서울시 강남구 ○○로 1-1

소유자 변경: 김부동 → 이등기

[등기변동] 서울시 강남구 ○○로 1-1

새 근저당 설정: 국민은행 / 100,000,000

[등기변동] 서울시 강남구 ○○로 1-1

경매 개시(매각 절차) 등록

📄 대응 가이드 PDF 다운로드:
http://localhost:3000/public/auction-advice.pdf

[등기변동] 서울시 강남구 ○○로 1-1

소유자 변경: 이등기 → 김부동

[등기변동] 서울시 강남구 ○○로 1-1

근저당 말소: 국민은행 / 100,000,000 해제

[등기변동] 서울시 강남구 ○○로 1-1

경매 절차 종료(말소)

[등기변동] 서울시 강남구 ○○로 1-1

소유자 변경: 김부동 → 이등기

[등기변동] 서울시 강남구 ○○로 1-1

소유자 변경: 이등기 → 김부동

[등기변동] 서울시 강남구 ○○로 1-1

근저당 말소: 국민은행 / 100,000,000 해제

[등기변동] 서울시 강남구 ○○로 1-1

경매 절차 종료(말소)

[등기변동] 서울시 강남구 ○○로 1-1

소유자 변경: 김부동 → 이등기

[등기변동] 서울시 강남구 ○○로 1-1

소유자 변경: 김부동 → 이등기

[등기변동] 서울시 강남구 ○○로 1-1

소유자 변경: 이등기 → 김부동

[등기변동] 서울시 강남구 ○○로 1-1

근저당 말소: 국민은행 / 100,000,000 해제

[등기변동] 서울시 강남구 ○○로 1-1

경매 절차 종료(말소)

[등기변동] 서울시 강남구 ○○로 1-1

소유자 변경: 이등기 → 김부동

[등기변동] 서울시 강남구 ○○로 1-1

근저당 말소: 국민은행 / 100,000,000 해제

[등기변동] 서울시 강남구 ○○로 1-1

경매 절차 종료(말소)

[등기변동] 서울시 강남구 ○○로 1-1

소유자 변경: 김부동 → 이등기

[등기변동] 서울시 강남구 ○○로 1-1

새 근저당 설정: 국민은행 / 100,000,000

[등기변동] 서울시 강남구 ○○로 1-1

경매 개시(매각 절차) 등록

📄 대응 가이드 PDF 다운로드:
http://localhost:3000/public/auction-advice.pdf

[등기변동] 서울시 강남구 ○○로 1-1

소유자 변경: 이등기 → 김부동

[등기변동] 서울시 강남구 ○○로 1-1

근저당 말소: 국민은행 / 100,000,000 해제

[등기변동] 서울시 강남구 ○○로 1-1

경매 절차 종료(말소)

[등기변동] 서울시 강남구 ○○로 1-1

소유자 변경: 이등기 → 김부동

[등기변동] 서울시 강남구 ○○로 1-1

근저당 말소: 국민은행 / 100,000,000 해제

[등기변동] 서울시 강남구 ○○로 1-1

경매 절차 종료(말소)

[등기변동] 서울시 강남구 ○○로 1-1

소유자 변경: 김부동 → 이등기

[등기변동] 서울시 강남구 ○○로 1-1

새 근저당 설정: 국민은행 / 100,000,000

[등기변동] 서울시 강남구 ○○로 1-1

경매 개시(매각 절차) 등록

📄 대응 가이드 PDF 다운로드:
http://localhost:3000/public/auction-advice.pdf

[등기변동] 서울시 강남구 ○○로 1-1

소유자 변경: 이등기 → 김부동

[등기변동] 서울시 강남구 ○○로 1-1

근저당 말소: 국민은행 / 100,000,000 해제

[등기변동] 서울시 강남구 ○○로 1-1

경매 절차 종료(말소)

[등기변동] 서울시 강남구 ○○로 1-1

소유자 변경: 김부동 → 이등기

[등기변동] 서울시 강남구 ○○로 1-1

새 근저당 설정: 국민은행 / 100,000,000

[등기변동] 서울시 강남구 ○○로 1-1

경매 개시(매각 절차) 등록

📄 대응 가이드 PDF 다운로드:

http://localhost:3000/public/auction-advice.pdf

[등기변동] 서울시 강남구 ○○로 1-1

소유자 변경: 김부동 → 이등기

[등기변동] 서울시 강남구 ○○로 1-1

소유자 변경: 이등기 → 김부동

[등기변동] 서울시 강남구 ○○로 1-1

새 근저당 설정: 국민은행 / 100,000,000

[등기변동] 서울시 강남구 ○○로 1-1

경매 개시(매각 절차) 등록

📄 대응 가이드 PDF 다운로드:

http://localhost:3000/public/auction-advice.pdf

[등기변동] 서울시 강남구 ○○로 1-1

소유자 변경: 이등기 → 김부동

[등기변동] 서울시 강남구 ○○로 1-1

근저당 말소: 국민은행 / 100,000,000 해제

[등기변동] 서울시 강남구 ○○로 1-1

경매 절차 종료(말소)

[등기변동] 서울시 강남구 ○○로 1-1

소유자 변경: 이등기 → 김부동

[등기변동] 서울시 강남구 ○○로 1-1

소유자 변경: 김부동 → 이등기

[등기변동] 서울시 강남구 ○○로 1-1

새 근저당 설정: 국민은행 / 100,000,000

[등기변동] 서울시 강남구 ○○로 1-1

경매 개시(매각 절차) 등록

📄 대응 가이드 PDF 다운로드:

http://localhost:3000/public/auction-advice.pdf

